{"contracts/MMToken.sol":{"l":{"19":2,"20":2,"23":3,"24":3,"27":0,"28":0,"31":0,"32":0,"67":1,"71":4,"72":2,"76":1,"79":3,"80":1,"81":1,"82":1,"107":1,"108":1,"109":1,"110":1,"111":1,"112":1,"120":1,"128":31,"136":4,"138":4,"140":2,"142":2,"144":2,"146":2,"148":2,"150":2,"159":3,"160":1,"172":1,"173":1,"174":1,"189":1,"190":1,"191":1,"192":1,"200":2,"212":3,"213":1,"214":1,"215":1,"216":1,"233":1},"path":"/home/abhi/Projects/moneyMoonAudit/contracts/MMToken.sol","s":{"1":2,"2":2,"3":3,"4":3,"5":0,"6":0,"7":0,"8":0,"9":1,"10":4,"11":1,"12":3,"13":1,"14":1,"15":1,"16":1,"17":1,"18":1,"19":1,"20":1,"21":1,"22":1,"23":31,"24":4,"25":4,"26":2,"27":2,"28":2,"29":2,"30":2,"31":2,"32":3,"33":1,"34":1,"35":1,"36":1,"37":1,"38":1,"39":1,"40":1,"41":2,"42":3,"43":1,"44":1,"45":1,"46":1,"47":1},"b":{"1":[2,0],"2":[3,0],"3":[0,0],"4":[0,0],"5":[2,2],"6":[1,2],"7":[4,0],"8":[2,2],"9":[2,0],"10":[2,0],"11":[1,0],"12":[1,2]},"f":{"1":2,"2":3,"3":0,"4":0,"5":1,"6":4,"7":1,"8":3,"9":1,"10":1,"11":31,"12":4,"13":3,"14":1,"15":1,"16":2,"17":3,"18":1},"fnMap":{"1":{"name":"add","line":18,"loc":{"start":{"line":18,"column":4},"end":{"line":18,"column":61}}},"2":{"name":"sub","line":22,"loc":{"start":{"line":22,"column":4},"end":{"line":22,"column":61}}},"3":{"name":"mul","line":26,"loc":{"start":{"line":26,"column":4},"end":{"line":26,"column":61}}},"4":{"name":"div","line":30,"loc":{"start":{"line":30,"column":4},"end":{"line":30,"column":61}}},"5":{"name":null,"line":65,"loc":{"start":{"line":65,"column":4},"end":{"line":65,"column":22}}},"6":{"name":"onlyOwner","line":70,"loc":{"start":{"line":70,"column":4},"end":{"line":70,"column":20}}},"7":{"name":"transferOwnership","line":75,"loc":{"start":{"line":75,"column":4},"end":{"line":75,"column":64}}},"8":{"name":"acceptOwnership","line":78,"loc":{"start":{"line":78,"column":4},"end":{"line":78,"column":35}}},"9":{"name":null,"line":106,"loc":{"start":{"line":106,"column":4},"end":{"line":106,"column":22}}},"10":{"name":"totalSupply","line":119,"loc":{"start":{"line":119,"column":4},"end":{"line":119,"column":51}}},"11":{"name":"balanceOf","line":127,"loc":{"start":{"line":127,"column":4},"end":{"line":127,"column":75}}},"12":{"name":"_transfer","line":134,"loc":{"start":{"line":134,"column":4},"end":{"line":134,"column":70}}},"13":{"name":"transfer","line":158,"loc":{"start":{"line":158,"column":4},"end":{"line":158,"column":78}}},"14":{"name":"approve","line":171,"loc":{"start":{"line":171,"column":4},"end":{"line":171,"column":78}}},"15":{"name":"transferFrom","line":188,"loc":{"start":{"line":188,"column":4},"end":{"line":188,"column":97}}},"16":{"name":"allowance","line":199,"loc":{"start":{"line":199,"column":4},"end":{"line":199,"column":94}}},"17":{"name":"burn","line":211,"loc":{"start":{"line":211,"column":4},"end":{"line":211,"column":61}}},"18":{"name":"transferAnyERC20Token","line":232,"loc":{"start":{"line":232,"column":4},"end":{"line":232,"column":107}}}},"statementMap":{"1":{"start":{"line":19,"column":8},"end":{"line":19,"column":16}},"2":{"start":{"line":20,"column":8},"end":{"line":20,"column":22}},"3":{"start":{"line":23,"column":8},"end":{"line":23,"column":22}},"4":{"start":{"line":24,"column":8},"end":{"line":24,"column":16}},"5":{"start":{"line":27,"column":8},"end":{"line":27,"column":16}},"6":{"start":{"line":28,"column":8},"end":{"line":28,"column":36}},"7":{"start":{"line":31,"column":8},"end":{"line":31,"column":21}},"8":{"start":{"line":32,"column":8},"end":{"line":32,"column":16}},"9":{"start":{"line":67,"column":8},"end":{"line":67,"column":25}},"10":{"start":{"line":71,"column":8},"end":{"line":71,"column":35}},"11":{"start":{"line":76,"column":8},"end":{"line":76,"column":27}},"12":{"start":{"line":79,"column":8},"end":{"line":79,"column":38}},"13":{"start":{"line":80,"column":8},"end":{"line":80,"column":50}},"14":{"start":{"line":81,"column":8},"end":{"line":81,"column":23}},"15":{"start":{"line":82,"column":8},"end":{"line":82,"column":28}},"16":{"start":{"line":107,"column":8},"end":{"line":107,"column":20}},"17":{"start":{"line":108,"column":8},"end":{"line":108,"column":29}},"18":{"start":{"line":109,"column":8},"end":{"line":109,"column":20}},"19":{"start":{"line":110,"column":8},"end":{"line":110,"column":53}},"20":{"start":{"line":111,"column":8},"end":{"line":111,"column":37}},"21":{"start":{"line":112,"column":8},"end":{"line":112,"column":54}},"22":{"start":{"line":120,"column":8},"end":{"line":120,"column":53}},"23":{"start":{"line":128,"column":8},"end":{"line":128,"column":35}},"24":{"start":{"line":136,"column":8},"end":{"line":136,"column":35}},"25":{"start":{"line":138,"column":8},"end":{"line":138,"column":42}},"26":{"start":{"line":140,"column":8},"end":{"line":140,"column":57}},"27":{"start":{"line":142,"column":8},"end":{"line":142,"column":64}},"28":{"start":{"line":144,"column":8},"end":{"line":144,"column":52}},"29":{"start":{"line":146,"column":8},"end":{"line":146,"column":48}},"30":{"start":{"line":148,"column":8},"end":{"line":148,"column":41}},"31":{"start":{"line":150,"column":8},"end":{"line":150,"column":68}},"32":{"start":{"line":159,"column":8},"end":{"line":159,"column":41}},"33":{"start":{"line":160,"column":8},"end":{"line":160,"column":19}},"34":{"start":{"line":172,"column":8},"end":{"line":172,"column":44}},"35":{"start":{"line":173,"column":8},"end":{"line":173,"column":50}},"36":{"start":{"line":174,"column":8},"end":{"line":174,"column":19}},"37":{"start":{"line":189,"column":8},"end":{"line":189,"column":54}},"38":{"start":{"line":190,"column":8},"end":{"line":190,"column":43}},"39":{"start":{"line":191,"column":8},"end":{"line":191,"column":36}},"40":{"start":{"line":192,"column":8},"end":{"line":192,"column":19}},"41":{"start":{"line":200,"column":8},"end":{"line":200,"column":43}},"42":{"start":{"line":212,"column":8},"end":{"line":212,"column":47}},"43":{"start":{"line":213,"column":8},"end":{"line":213,"column":37}},"44":{"start":{"line":214,"column":8},"end":{"line":214,"column":29}},"45":{"start":{"line":215,"column":8},"end":{"line":215,"column":37}},"46":{"start":{"line":216,"column":8},"end":{"line":216,"column":19}},"47":{"start":{"line":233,"column":8},"end":{"line":233,"column":67}}},"branchMap":{"1":{"line":20,"type":"if","locations":[{"start":{"line":20,"column":8},"end":{"line":20,"column":8}},{"start":{"line":20,"column":8},"end":{"line":20,"column":8}}]},"2":{"line":23,"type":"if","locations":[{"start":{"line":23,"column":8},"end":{"line":23,"column":8}},{"start":{"line":23,"column":8},"end":{"line":23,"column":8}}]},"3":{"line":28,"type":"if","locations":[{"start":{"line":28,"column":8},"end":{"line":28,"column":8}},{"start":{"line":28,"column":8},"end":{"line":28,"column":8}}]},"4":{"line":31,"type":"if","locations":[{"start":{"line":31,"column":8},"end":{"line":31,"column":8}},{"start":{"line":31,"column":8},"end":{"line":31,"column":8}}]},"5":{"line":71,"type":"if","locations":[{"start":{"line":71,"column":8},"end":{"line":71,"column":8}},{"start":{"line":71,"column":8},"end":{"line":71,"column":8}}]},"6":{"line":79,"type":"if","locations":[{"start":{"line":79,"column":8},"end":{"line":79,"column":8}},{"start":{"line":79,"column":8},"end":{"line":79,"column":8}}]},"7":{"line":136,"type":"if","locations":[{"start":{"line":136,"column":8},"end":{"line":136,"column":8}},{"start":{"line":136,"column":8},"end":{"line":136,"column":8}}]},"8":{"line":138,"type":"if","locations":[{"start":{"line":138,"column":8},"end":{"line":138,"column":8}},{"start":{"line":138,"column":8},"end":{"line":138,"column":8}}]},"9":{"line":140,"type":"if","locations":[{"start":{"line":140,"column":8},"end":{"line":140,"column":8}},{"start":{"line":140,"column":8},"end":{"line":140,"column":8}}]},"10":{"line":150,"type":"if","locations":[{"start":{"line":150,"column":8},"end":{"line":150,"column":8}},{"start":{"line":150,"column":8},"end":{"line":150,"column":8}}]},"11":{"line":189,"type":"if","locations":[{"start":{"line":189,"column":8},"end":{"line":189,"column":8}},{"start":{"line":189,"column":8},"end":{"line":189,"column":8}}]},"12":{"line":212,"type":"if","locations":[{"start":{"line":212,"column":8},"end":{"line":212,"column":8}},{"start":{"line":212,"column":8},"end":{"line":212,"column":8}}]}}},"contracts/TokenA.sol":{"l":{"12":1,"13":0,"15":1,"16":1,"17":1,"25":0,"27":0,"34":2,"35":2,"42":3,"43":3,"44":3,"86":0,"95":2,"96":2,"99":2,"100":2,"101":2,"102":2,"111":9,"135":0,"136":0,"137":0,"139":0,"140":0,"141":0,"142":0,"143":0,"158":0,"159":0,"160":0,"161":0,"171":0,"185":0,"186":0,"187":0,"201":0,"202":0,"203":0,"205":0,"207":0,"208":0,"230":1,"237":0,"238":0,"246":0,"247":0,"248":0,"261":2,"265":0,"269":0,"273":0,"277":0,"284":0,"285":0,"286":0,"287":0,"288":0,"289":0,"302":1,"303":1,"304":1},"path":"/home/abhi/Projects/moneyMoonAudit/contracts/TokenA.sol","s":{"1":1,"2":0,"3":1,"4":1,"5":1,"6":0,"7":0,"8":2,"9":2,"10":3,"11":3,"12":3,"13":0,"14":2,"15":2,"16":2,"17":2,"18":2,"19":2,"20":9,"21":0,"22":0,"23":0,"24":0,"25":0,"26":0,"27":0,"28":0,"29":0,"30":0,"31":0,"32":0,"33":0,"34":0,"35":0,"36":0,"37":0,"38":0,"39":0,"40":0,"41":0,"42":0,"43":1,"44":0,"45":0,"46":0,"47":0,"48":2,"49":0,"50":0,"51":0,"52":0,"53":0,"54":0,"55":0,"56":0,"57":0,"58":0,"59":1,"60":1,"61":1},"b":{"1":[0,1],"2":[1,0],"3":[2,0],"4":[3,0],"5":[2,0],"6":[2,0],"7":[0,0],"8":[0,0],"9":[0,0],"10":[0,0],"11":[0,0],"12":[0,0],"13":[0,0],"14":[0,0],"15":[1,0]},"f":{"1":1,"2":0,"3":2,"4":3,"5":0,"6":2,"7":9,"8":0,"9":0,"10":0,"11":0,"12":0,"13":1,"14":0,"15":0,"16":2,"17":0,"18":0,"19":0,"20":0,"21":0,"22":1},"fnMap":{"1":{"name":"mul","line":11,"loc":{"start":{"line":11,"column":2},"end":{"line":11,"column":68}}},"2":{"name":"div","line":23,"loc":{"start":{"line":23,"column":2},"end":{"line":23,"column":68}}},"3":{"name":"sub","line":33,"loc":{"start":{"line":33,"column":2},"end":{"line":33,"column":68}}},"4":{"name":"add","line":41,"loc":{"start":{"line":41,"column":2},"end":{"line":41,"column":68}}},"5":{"name":"totalSupply","line":85,"loc":{"start":{"line":85,"column":2},"end":{"line":85,"column":54}}},"6":{"name":"transfer","line":94,"loc":{"start":{"line":94,"column":2},"end":{"line":94,"column":70}}},"7":{"name":"balanceOf","line":110,"loc":{"start":{"line":110,"column":2},"end":{"line":110,"column":74}}},"8":{"name":"transferFrom","line":134,"loc":{"start":{"line":134,"column":2},"end":{"line":134,"column":89}}},"9":{"name":"approve","line":156,"loc":{"start":{"line":156,"column":2},"end":{"line":156,"column":74}}},"10":{"name":"allowance","line":170,"loc":{"start":{"line":170,"column":2},"end":{"line":170,"column":84}}},"11":{"name":"increaseApproval","line":184,"loc":{"start":{"line":184,"column":2},"end":{"line":184,"column":85}}},"12":{"name":"decreaseApproval","line":200,"loc":{"start":{"line":200,"column":2},"end":{"line":200,"column":90}}},"13":{"name":null,"line":229,"loc":{"start":{"line":229,"column":0},"end":{"line":229,"column":22}}},"14":{"name":"onlyOwner","line":236,"loc":{"start":{"line":236,"column":2},"end":{"line":236,"column":22}}},"15":{"name":"transferOwnership","line":245,"loc":{"start":{"line":245,"column":2},"end":{"line":245,"column":63}}},"16":{"name":"transfer","line":260,"loc":{"start":{"line":260,"column":2},"end":{"line":260,"column":70}}},"17":{"name":"transferFrom","line":264,"loc":{"start":{"line":264,"column":2},"end":{"line":264,"column":89}}},"18":{"name":"approve","line":268,"loc":{"start":{"line":268,"column":2},"end":{"line":268,"column":74}}},"19":{"name":"increaseApproval","line":272,"loc":{"start":{"line":272,"column":2},"end":{"line":272,"column":93}}},"20":{"name":"decreaseApproval","line":276,"loc":{"start":{"line":276,"column":2},"end":{"line":276,"column":98}}},"21":{"name":"releaseTokens","line":282,"loc":{"start":{"line":282,"column":2},"end":{"line":283,"column":3}}},"22":{"name":null,"line":300,"loc":{"start":{"line":300,"column":2},"end":{"line":301,"column":3}}}},"statementMap":{"1":{"start":{"line":12,"column":4},"end":{"line":12,"column":278}},"2":{"start":{"line":13,"column":6},"end":{"line":13,"column":14}},"3":{"start":{"line":15,"column":4},"end":{"line":15,"column":20}},"4":{"start":{"line":16,"column":4},"end":{"line":16,"column":21}},"5":{"start":{"line":17,"column":4},"end":{"line":17,"column":12}},"6":{"start":{"line":25,"column":4},"end":{"line":25,"column":20}},"7":{"start":{"line":27,"column":4},"end":{"line":27,"column":12}},"8":{"start":{"line":34,"column":4},"end":{"line":34,"column":17}},"9":{"start":{"line":35,"column":4},"end":{"line":35,"column":16}},"10":{"start":{"line":42,"column":4},"end":{"line":42,"column":20}},"11":{"start":{"line":43,"column":4},"end":{"line":43,"column":17}},"12":{"start":{"line":44,"column":4},"end":{"line":44,"column":12}},"13":{"start":{"line":86,"column":4},"end":{"line":86,"column":23}},"14":{"start":{"line":95,"column":4},"end":{"line":95,"column":29}},"15":{"start":{"line":96,"column":4},"end":{"line":96,"column":42}},"16":{"start":{"line":99,"column":4},"end":{"line":99,"column":58}},"17":{"start":{"line":100,"column":4},"end":{"line":100,"column":44}},"18":{"start":{"line":101,"column":4},"end":{"line":101,"column":42}},"19":{"start":{"line":102,"column":4},"end":{"line":102,"column":15}},"20":{"start":{"line":111,"column":4},"end":{"line":111,"column":27}},"21":{"start":{"line":135,"column":4},"end":{"line":135,"column":29}},"22":{"start":{"line":136,"column":4},"end":{"line":136,"column":37}},"23":{"start":{"line":137,"column":4},"end":{"line":137,"column":48}},"24":{"start":{"line":139,"column":4},"end":{"line":139,"column":48}},"25":{"start":{"line":140,"column":4},"end":{"line":140,"column":44}},"26":{"start":{"line":141,"column":4},"end":{"line":141,"column":70}},"27":{"start":{"line":142,"column":4},"end":{"line":142,"column":37}},"28":{"start":{"line":143,"column":4},"end":{"line":143,"column":15}},"29":{"start":{"line":158,"column":4},"end":{"line":158,"column":34}},"30":{"start":{"line":159,"column":4},"end":{"line":159,"column":41}},"31":{"start":{"line":160,"column":4},"end":{"line":160,"column":47}},"32":{"start":{"line":161,"column":4},"end":{"line":161,"column":15}},"33":{"start":{"line":171,"column":4},"end":{"line":171,"column":36}},"34":{"start":{"line":185,"column":4},"end":{"line":185,"column":81}},"35":{"start":{"line":186,"column":4},"end":{"line":186,"column":70}},"36":{"start":{"line":187,"column":4},"end":{"line":187,"column":15}},"37":{"start":{"line":201,"column":4},"end":{"line":201,"column":48}},"38":{"start":{"line":202,"column":4},"end":{"line":202,"column":6963}},"39":{"start":{"line":203,"column":6},"end":{"line":203,"column":38}},"40":{"start":{"line":205,"column":6},"end":{"line":205,"column":67}},"41":{"start":{"line":207,"column":4},"end":{"line":207,"column":70}},"42":{"start":{"line":208,"column":4},"end":{"line":208,"column":15}},"43":{"start":{"line":230,"column":4},"end":{"line":230,"column":21}},"44":{"start":{"line":237,"column":4},"end":{"line":237,"column":31}},"45":{"start":{"line":246,"column":4},"end":{"line":246,"column":34}},"46":{"start":{"line":247,"column":4},"end":{"line":247,"column":46}},"47":{"start":{"line":248,"column":4},"end":{"line":248,"column":19}},"48":{"start":{"line":261,"column":4},"end":{"line":261,"column":38}},"49":{"start":{"line":265,"column":4},"end":{"line":265,"column":49}},"50":{"start":{"line":269,"column":4},"end":{"line":269,"column":42}},"51":{"start":{"line":273,"column":4},"end":{"line":273,"column":56}},"52":{"start":{"line":277,"column":4},"end":{"line":277,"column":61}},"53":{"start":{"line":284,"column":4},"end":{"line":284,"column":37}},"54":{"start":{"line":285,"column":4},"end":{"line":285,"column":62}},"55":{"start":{"line":286,"column":4},"end":{"line":286,"column":42}},"56":{"start":{"line":287,"column":4},"end":{"line":287,"column":39}},"57":{"start":{"line":288,"column":4},"end":{"line":288,"column":54}},"58":{"start":{"line":289,"column":4},"end":{"line":289,"column":15}},"59":{"start":{"line":302,"column":4},"end":{"line":302,"column":35}},"60":{"start":{"line":303,"column":4},"end":{"line":303,"column":20}},"61":{"start":{"line":304,"column":4},"end":{"line":304,"column":64}}},"branchMap":{"1":{"line":12,"type":"if","locations":[{"start":{"line":12,"column":4},"end":{"line":12,"column":4}},{"start":{"line":12,"column":4},"end":{"line":12,"column":4}}]},"2":{"line":16,"type":"if","locations":[{"start":{"line":16,"column":4},"end":{"line":16,"column":4}},{"start":{"line":16,"column":4},"end":{"line":16,"column":4}}]},"3":{"line":34,"type":"if","locations":[{"start":{"line":34,"column":4},"end":{"line":34,"column":4}},{"start":{"line":34,"column":4},"end":{"line":34,"column":4}}]},"4":{"line":43,"type":"if","locations":[{"start":{"line":43,"column":4},"end":{"line":43,"column":4}},{"start":{"line":43,"column":4},"end":{"line":43,"column":4}}]},"5":{"line":95,"type":"if","locations":[{"start":{"line":95,"column":4},"end":{"line":95,"column":4}},{"start":{"line":95,"column":4},"end":{"line":95,"column":4}}]},"6":{"line":96,"type":"if","locations":[{"start":{"line":96,"column":4},"end":{"line":96,"column":4}},{"start":{"line":96,"column":4},"end":{"line":96,"column":4}}]},"7":{"line":135,"type":"if","locations":[{"start":{"line":135,"column":4},"end":{"line":135,"column":4}},{"start":{"line":135,"column":4},"end":{"line":135,"column":4}}]},"8":{"line":136,"type":"if","locations":[{"start":{"line":136,"column":4},"end":{"line":136,"column":4}},{"start":{"line":136,"column":4},"end":{"line":136,"column":4}}]},"9":{"line":137,"type":"if","locations":[{"start":{"line":137,"column":4},"end":{"line":137,"column":4}},{"start":{"line":137,"column":4},"end":{"line":137,"column":4}}]},"10":{"line":158,"type":"if","locations":[{"start":{"line":158,"column":4},"end":{"line":158,"column":4}},{"start":{"line":158,"column":4},"end":{"line":158,"column":4}}]},"11":{"line":202,"type":"if","locations":[{"start":{"line":202,"column":4},"end":{"line":202,"column":4}},{"start":{"line":202,"column":4},"end":{"line":202,"column":4}}]},"12":{"line":237,"type":"if","locations":[{"start":{"line":237,"column":4},"end":{"line":237,"column":4}},{"start":{"line":237,"column":4},"end":{"line":237,"column":4}}]},"13":{"line":246,"type":"if","locations":[{"start":{"line":246,"column":4},"end":{"line":246,"column":4}},{"start":{"line":246,"column":4},"end":{"line":246,"column":4}}]},"14":{"line":287,"type":"if","locations":[{"start":{"line":287,"column":4},"end":{"line":287,"column":4}},{"start":{"line":287,"column":4},"end":{"line":287,"column":4}}]},"15":{"line":302,"type":"if","locations":[{"start":{"line":302,"column":4},"end":{"line":302,"column":4}},{"start":{"line":302,"column":4},"end":{"line":302,"column":4}}]}}}}