TN:
SF:/home/abhi/Projects/moneyMoonAudit/contracts/MMToken.sol
FN:18,add
FN:22,sub
FN:26,mul
FN:30,div
FN:65,
FN:70,onlyOwner
FN:75,transferOwnership
FN:78,acceptOwnership
FN:106,
FN:119,totalSupply
FN:127,balanceOf
FN:134,_transfer
FN:158,transfer
FN:171,approve
FN:188,transferFrom
FN:199,allowance
FN:211,burn
FN:232,transferAnyERC20Token
FNF:18
FNH:16
FNDA:2,add
FNDA:3,sub
FNDA:0,mul
FNDA:0,div
FNDA:1,
FNDA:4,onlyOwner
FNDA:1,transferOwnership
FNDA:3,acceptOwnership
FNDA:1,
FNDA:1,totalSupply
FNDA:31,balanceOf
FNDA:4,_transfer
FNDA:3,transfer
FNDA:1,approve
FNDA:1,transferFrom
FNDA:2,allowance
FNDA:3,burn
FNDA:1,transferAnyERC20Token
DA:19,2
DA:20,2
DA:23,3
DA:24,3
DA:27,0
DA:28,0
DA:31,0
DA:32,0
DA:67,1
DA:71,4
DA:72,2
DA:76,1
DA:79,3
DA:80,1
DA:81,1
DA:82,1
DA:107,1
DA:108,1
DA:109,1
DA:110,1
DA:111,1
DA:112,1
DA:120,1
DA:128,31
DA:136,4
DA:138,4
DA:140,2
DA:142,2
DA:144,2
DA:146,2
DA:148,2
DA:150,2
DA:159,3
DA:160,1
DA:172,1
DA:173,1
DA:174,1
DA:189,1
DA:190,1
DA:191,1
DA:192,1
DA:200,2
DA:212,3
DA:213,1
DA:214,1
DA:215,1
DA:216,1
DA:233,1
LF:48
LH:44
BRDA:20,1,0,2
BRDA:20,1,1,0
BRDA:23,2,0,3
BRDA:23,2,1,0
BRDA:28,3,0,0
BRDA:28,3,1,0
BRDA:31,4,0,0
BRDA:31,4,1,0
BRDA:71,5,0,2
BRDA:71,5,1,2
BRDA:79,6,0,1
BRDA:79,6,1,2
BRDA:136,7,0,4
BRDA:136,7,1,0
BRDA:138,8,0,2
BRDA:138,8,1,2
BRDA:140,9,0,2
BRDA:140,9,1,0
BRDA:150,10,0,2
BRDA:150,10,1,0
BRDA:189,11,0,1
BRDA:189,11,1,0
BRDA:212,12,0,1
BRDA:212,12,1,2
BRF:24
BRH:14
end_of_record
TN:
SF:/home/abhi/Projects/moneyMoonAudit/contracts/TokenA.sol
FN:11,mul
FN:23,div
FN:33,sub
FN:41,add
FN:85,totalSupply
FN:94,transfer
FN:110,balanceOf
FN:134,transferFrom
FN:156,approve
FN:170,allowance
FN:184,increaseApproval
FN:200,decreaseApproval
FN:229,
FN:236,onlyOwner
FN:245,transferOwnership
FN:260,transfer
FN:264,transferFrom
FN:268,approve
FN:272,increaseApproval
FN:276,decreaseApproval
FN:282,releaseTokens
FN:300,
FNF:22
FNH:8
FNDA:1,mul
FNDA:0,div
FNDA:2,sub
FNDA:3,add
FNDA:0,totalSupply
FNDA:2,transfer
FNDA:9,balanceOf
FNDA:0,transferFrom
FNDA:0,approve
FNDA:0,allowance
FNDA:0,increaseApproval
FNDA:0,decreaseApproval
FNDA:1,
FNDA:0,onlyOwner
FNDA:0,transferOwnership
FNDA:2,transfer
FNDA:0,transferFrom
FNDA:0,approve
FNDA:0,increaseApproval
FNDA:0,decreaseApproval
FNDA:0,releaseTokens
FNDA:1,
DA:12,1
DA:13,0
DA:15,1
DA:16,1
DA:17,1
DA:25,0
DA:27,0
DA:34,2
DA:35,2
DA:42,3
DA:43,3
DA:44,3
DA:86,0
DA:95,2
DA:96,2
DA:99,2
DA:100,2
DA:101,2
DA:102,2
DA:111,9
DA:135,0
DA:136,0
DA:137,0
DA:139,0
DA:140,0
DA:141,0
DA:142,0
DA:143,0
DA:158,0
DA:159,0
DA:160,0
DA:161,0
DA:171,0
DA:185,0
DA:186,0
DA:187,0
DA:201,0
DA:202,0
DA:203,0
DA:205,0
DA:207,0
DA:208,0
DA:230,1
DA:237,0
DA:238,0
DA:246,0
DA:247,0
DA:248,0
DA:261,2
DA:265,0
DA:269,0
DA:273,0
DA:277,0
DA:284,0
DA:285,0
DA:286,0
DA:287,0
DA:288,0
DA:289,0
DA:302,1
DA:303,1
DA:304,1
LF:62
LH:21
BRDA:12,1,0,0
BRDA:12,1,1,1
BRDA:16,2,0,1
BRDA:16,2,1,0
BRDA:34,3,0,2
BRDA:34,3,1,0
BRDA:43,4,0,3
BRDA:43,4,1,0
BRDA:95,5,0,2
BRDA:95,5,1,0
BRDA:96,6,0,2
BRDA:96,6,1,0
BRDA:135,7,0,0
BRDA:135,7,1,0
BRDA:136,8,0,0
BRDA:136,8,1,0
BRDA:137,9,0,0
BRDA:137,9,1,0
BRDA:158,10,0,0
BRDA:158,10,1,0
BRDA:202,11,0,0
BRDA:202,11,1,0
BRDA:237,12,0,0
BRDA:237,12,1,0
BRDA:246,13,0,0
BRDA:246,13,1,0
BRDA:287,14,0,0
BRDA:287,14,1,0
BRDA:302,15,0,1
BRDA:302,15,1,0
BRF:30
BRH:7
end_of_record
